<?xml version="1.0" encoding="UTF-8"?>
<!-- Generated by org.testng.reporters.JUnitReportReporter -->
<testsuite skipped="0" hostname="PredatorOnHunt" name="com.training.sanity.tests.LoginTests" tests="16" failures="0" timestamp="2020-10-17T20:00:23 IST" time="21.755" errors="0">
  <testcase name="validLoginTest" time="7.446" classname="com.training.sanity.tests.LoginTests"/>
  <system-out/>
  <testcase name="clickOnCustomerIcon" time="0.429" classname="com.training.sanity.tests.LoginTests"/>
  <system-out/>
  <testcase name="clickOnCustomerLink" time="0.909" classname="com.training.sanity.tests.LoginTests"/>
  <system-out/>
  <testcase name="clickEditIconOfCustomer" time="1.105" classname="com.training.sanity.tests.LoginTests"/>
  <system-out/>
  <testcase name="clearFirstNameTextBoxClear" time="0.161" classname="com.training.sanity.tests.LoginTests"/>
  <system-out/>
  <testcase name="clearFirstNameTextBoxSendKeys" time="0.291" classname="com.training.sanity.tests.LoginTests"/>
  <system-out/>
  <testcase name="clickAddressTab" time="0.212" classname="com.training.sanity.tests.LoginTests"/>
  <system-out/>
  <testcase name="sendKeysPostCode" time="0.371" classname="com.training.sanity.tests.LoginTests"/>
  <system-out/>
  <testcase name="rewardsPointsTabClick" time="0.197" classname="com.training.sanity.tests.LoginTests"/>
  <system-out/>
  <testcase name="descriptionTextBox" time="0.240" classname="com.training.sanity.tests.LoginTests"/>
  <system-out/>
  <testcase name="pointsTextBox" time="0.221" classname="com.training.sanity.tests.LoginTests"/>
  <system-out/>
  <testcase name="addRewards" time="5.317" classname="com.training.sanity.tests.LoginTests"/>
  <system-out/>
  <testcase name="saveButton" time="1.831" classname="com.training.sanity.tests.LoginTests"/>
  <system-out/>
  <testcase name="reportsIcon" time="0.840" classname="com.training.sanity.tests.LoginTests"/>
  <system-out/>
  <testcase name="reportCustomersLink" time="0.502" classname="com.training.sanity.tests.LoginTests"/>
  <system-out/>
  <testcase name="clickRewardPointsFromReports" time="1.683" classname="com.training.sanity.tests.LoginTests"/>
  <system-out/>
</testsuite> <!-- com.training.sanity.tests.LoginTests -->
