<?xml version="1.0" encoding="UTF-8"?>
<!-- Generated by org.testng.reporters.JUnitReportReporter -->
<testsuite skipped="0" hostname="PredatorOnHunt" name="com.training.sanity.tests.RTTC_053" tests="5" failures="0" timestamp="2020-10-17T20:00:23 IST" time="14.460" errors="0">
  <testcase name="validLoginTest" time="4.921" classname="com.training.sanity.tests.RTTC_053"/>
  <system-out/>
  <testcase name="clickOrdersandView" time="5.996" classname="com.training.sanity.tests.RTTC_053"/>
  <system-out/>
  <testcase name="genarateIcon" time="0.121" classname="com.training.sanity.tests.RTTC_053"/>
  <system-out/>
  <testcase name="orderStatusModification" time="0.206" classname="com.training.sanity.tests.RTTC_053"/>
  <system-out/>
  <testcase name="addHistoryclick" time="3.216" classname="com.training.sanity.tests.RTTC_053"/>
  <system-out/>
</testsuite> <!-- com.training.sanity.tests.RTTC_053 -->
