<?xml version="1.0" encoding="UTF-8"?>
<!-- Generated by org.testng.reporters.JUnitReportReporter -->
<testsuite skipped="0" hostname="PredatorOnHunt" name="com.training.regression.tests.LoginExcelTest" tests="3" failures="0" timestamp="2020-10-11T11:46:39 IST" time="56.549" errors="0">
  <testcase name="loginDBTest" time="16.656" classname="com.training.regression.tests.LoginExcelTest"/>
  <system-out/>
  <testcase name="loginDBTest" time="22.307" classname="com.training.regression.tests.LoginExcelTest"/>
  <system-out/>
  <testcase name="loginDBTest" time="17.586" classname="com.training.regression.tests.LoginExcelTest"/>
  <system-out/>
</testsuite> <!-- com.training.regression.tests.LoginExcelTest -->
